<?xml version="1.0" encoding="UTF-8"?>
<!-- Generated by org.testng.reporters.JUnitReportReporter -->
<testsuite hostname="Vineet-PC" failures="0" tests="1" name="opportunity.verifyOpportunityCreation" time="34.177" errors="0" timestamp="2024-01-17T17:33:33 IST" skipped="0">
  <testcase classname="opportunity.verifyOpportunityCreation" name="testVerifyOpportunityCreation" time="34.177"/>
  <system-out/>
</testsuite> <!-- opportunity.verifyOpportunityCreation -->
