<?xml version="1.0" encoding="UTF-8"?>
<!-- Generated by org.testng.reporters.JUnitReportReporter -->
<testsuite hostname="Vineet-PC" failures="0" tests="1" name="opportunity.verifyOpportunityCreation" time="32.537" errors="0" timestamp="2024-01-25T12:08:13 IST" skipped="0">
  <testcase classname="opportunity.verifyOpportunityCreation" name="testVerifyOpportunityCreation" time="32.537"/>
  <system-out/>
</testsuite> <!-- opportunity.verifyOpportunityCreation -->
